#
# There is insufficient memory for the Java Runtime Environment to continue.
# Native memory allocation (malloc) failed to allocate 32744 bytes for ChunkPool::allocate
# Possible reasons:
#   The system is out of physical RAM or swap space
#   In 32 bit mode, the process size limit was hit
# Possible solutions:
#   Reduce memory load on the system
#   Increase physical memory or swap space
#   Check if swap backing store is full
#   Use 64 bit Java on a 64 bit OS
#   Decrease Java heap size (-Xmx/-Xms)
#   Decrease number of Java threads
#   Decrease Java thread stack sizes (-Xss)
#   Set larger code cache with -XX:ReservedCodeCacheSize=
# This output file may be truncated or incomplete.
#
#  Out of Memory Error (allocation.cpp:273), pid=37852, tid=0x00000000000033b4
#
# JRE version: Java(TM) SE Runtime Environment (8.0_121-b13) (build 1.8.0_121-b13)
# Java VM: Java HotSpot(TM) 64-Bit Server VM (25.121-b13 mixed mode windows-amd64 compressed oops)
# Failed to write core dump. Minidumps are not enabled by default on client versions of Windows
#

---------------  T H R E A D  ---------------

Current thread (0x0000000017f7c800):  JavaThread "C1 CompilerThread2" daemon [_thread_in_native, id=13236, stack(0x00000000197c0000,0x00000000198c0000)]

Stack: [0x00000000197c0000,0x00000000198c0000]
[error occurred during error reporting (printing stack bounds), id 0xc0000005]

Native frames: (J=compiled Java code, j=interpreted, Vv=VM code, C=native code)


Current CompileTask:
C1:   8192 4076   !   1      
[error occurred during error reporting (printing current compile task), id 0xe0000001]


---------------  P R O C E S S  ---------------

Java Threads: ( => current thread )
  0x000000001bc20800 JavaThread "container-0" [_thread_blocked, id=15604, stack(0x000000001dad0000,0x000000001dbd0000)]
  0x000000001bc20000 JavaThread "Catalina-utility-1" [_thread_blocked, id=40172, stack(0x000000001d9d0000,0x000000001dad0000)]
  0x000000001b933800 JavaThread "Keep-Alive-Timer" daemon [_thread_blocked, id=1568, stack(0x000000001cdd0000,0x000000001ced0000)]
  0x000000001a427000 JavaThread "JMX server connection timeout 18" daemon [_thread_blocked, id=17884, stack(0x000000001b100000,0x000000001b200000)]
  0x000000001a41e800 JavaThread "RMI TCP Connection(2)-127.0.0.1" daemon [_thread_in_native, id=48400, stack(0x000000001af00000,0x000000001b000000)]
  0x000000001a411800 JavaThread "RMI Scheduler(0)" daemon [_thread_blocked, id=10852, stack(0x000000001ae00000,0x000000001af00000)]
  0x000000001a40a800 JavaThread "RMI TCP Connection(1)-127.0.0.1" daemon [_thread_in_native, id=27404, stack(0x000000001ad00000,0x000000001ae00000)]
  0x000000001a278800 JavaThread "RMI TCP Accept-0" daemon [_thread_in_native, id=34776, stack(0x000000001a7c0000,0x000000001a8c0000)]
  0x000000001a274000 JavaThread "RMI TCP Accept-60687" daemon [_thread_in_native, id=55604, stack(0x000000001a6c0000,0x000000001a7c0000)]
  0x000000001a260000 JavaThread "RMI TCP Accept-0" daemon [_thread_in_native, id=17812, stack(0x000000001a5c0000,0x000000001a6c0000)]
  0x00000000198f8800 JavaThread "Service Thread" daemon [_thread_blocked, id=35540, stack(0x0000000019cc0000,0x0000000019dc0000)]
=>0x0000000017f7c800 JavaThread "C1 CompilerThread2" daemon [_thread_in_native, id=13236, stack(0x00000000197c0000,0x00000000198c0000)]
  0x0000000017f7a000 JavaThread "C2 CompilerThread1" daemon [_thread_blocked, id=2208, stack(0x00000000196c0000,0x00000000197c0000)]
  0x0000000017f78000 JavaThread "C2 CompilerThread0" daemon [_thread_blocked, id=25712, stack(0x00000000195c0000,0x00000000196c0000)]
  0x0000000017f76800 JavaThread "Attach Listener" daemon [_thread_blocked, id=38308, stack(0x00000000194c0000,0x00000000195c0000)]
  0x0000000017f75800 JavaThread "Signal Dispatcher" daemon [_thread_blocked, id=2400, stack(0x00000000193c0000,0x00000000194c0000)]
  0x000000000334e800 JavaThread "Finalizer" daemon [_thread_blocked, id=55320, stack(0x00000000191d0000,0x00000000192d0000)]
  0x0000000003348000 JavaThread "Reference Handler" daemon [_thread_blocked, id=21064, stack(0x00000000190d0000,0x00000000191d0000)]
  0x0000000003258800 JavaThread "main" [_thread_in_vm, id=18600, stack(0x00000000030d0000,0x00000000031d0000)]

Other Threads:
  0x0000000017f37000 VMThread [stack: 0x0000000018fd0000,0x00000000190d0000] [id=37168]
  0x000000001a27a800 WatcherThread [stack: 0x000000001a8c0000,0x000000001a9c0000] [id=784]

VM state:not at safepoint (normal execution)

VM Mutex/Monitor currently owned by a thread: None

Heap:
 PSYoungGen      total 191488K, used 86893K [0x00000000d5580000, 0x00000000e2780000, 0x0000000100000000)
  eden space 183808K, 47% used [0x00000000d5580000,0x00000000daa5b630,0x00000000e0900000)
  from space 7680K, 0% used [0x00000000e2000000,0x00000000e2000000,0x00000000e2780000)
  to   space 14336K, 0% used [0x00000000e0b80000,0x00000000e0b80000,0x00000000e1980000)
 ParOldGen       total 83968K, used 24593K [0x0000000080000000, 0x0000000085200000, 0x00000000d5580000)
  object space 83968K, 29% used [0x0000000080000000,0x00000000818046d0,0x0000000085200000)
 Metaspace       used 39912K, capacity 41768K, committed 41984K, reserved 1089536K
  class space    used 5432K, capacity 5801K, committed 5888K, reserved 1048576K

Card table byte_map: [0x0000000012710000,0x0000000012b20000] byte_map_base: 0x0000000012310000

Marking Bits: (ParMarkBitMap*) 0x000000007591b6d0
 Begin Bits: [0x00000000131d0000, 0x00000000151d0000)
 End Bits:   [0x00000000151d0000, 0x00000000171d0000)

Polling page: 0x00000000013d0000

CodeCache: size=245760Kb used=8442Kb max_used=8442Kb free=237317Kb
 bounds [0x0000000003350000, 0x0000000003b90000, 0x0000000012350000]
 total_blobs=4545 nmethods=4073 adapters=385
 compilation: enabled

Compilation events (10 events):
Event: 8.159 Thread 0x0000000017f7c800 nmethod 4070 0x0000000003b8b250 code [0x0000000003b8b3e0, 0x0000000003b8b778]
Event: 8.159 Thread 0x0000000017f7c800 4071       1       org.springframework.beans.factory.support.AbstractAutowireCapableBeanFactory::applyBeanPostProcessorsBeforeInstantiation (69 bytes)
Event: 8.159 Thread 0x0000000017f7c800 nmethod 4071 0x0000000003b8b910 code [0x0000000003b8bac0, 0x0000000003b8bdb8]
Event: 8.172 Thread 0x0000000017f7c800 4072       1       java.util.concurrent.ConcurrentHashMap$TreeBin::tieBreakOrder (49 bytes)
Event: 8.173 Thread 0x0000000017f7c800 nmethod 4072 0x0000000003b8bf50 code [0x0000000003b8c0e0, 0x0000000003b8c348]
Event: 8.173 Thread 0x0000000017f7c800 4073       1       org.springframework.beans.factory.support.AbstractBeanFactory$$Lambda$145/623247230::<init> (26 bytes)
Event: 8.173 Thread 0x0000000017f7c800 nmethod 4073 0x0000000003b8c510 code [0x0000000003b8c660, 0x0000000003b8c7b0]
Event: 8.173 Thread 0x0000000017f7c800 4074   !   1       org.springframework.beans.factory.support.DefaultSingletonBeanRegistry::getSingleton (297 bytes)
Event: 8.175 Thread 0x0000000017f7c800 nmethod 4074 0x0000000003b8ca50 code [0x0000000003b8cd40, 0x0000000003b8daa8]
Event: 8.175 Thread 0x0000000017f7c800 4076   !   1       org.springframework.beans.factory.support.ConstructorResolver::instantiateUsingFactoryMethod (1488 bytes)

GC Heap History (10 events):
Event: 5.031 GC heap before
{Heap before GC invocations=7 (full 1):
 PSYoungGen      total 71680K, used 71654K [0x00000000d5580000, 0x00000000dd880000, 0x0000000100000000)
  eden space 66560K, 100% used [0x00000000d5580000,0x00000000d9680000,0x00000000d9680000)
  from space 5120K, 99% used [0x00000000d9680000,0x00000000d9b79ab0,0x00000000d9b80000)
  to   space 9216K, 0% used [0x00000000dcf80000,0x00000000dcf80000,0x00000000dd880000)
 ParOldGen       total 50688K, used 7670K [0x0000000080000000, 0x0000000083180000, 0x00000000d5580000)
  object space 50688K, 15% used [0x0000000080000000,0x000000008077d988,0x0000000083180000)
 Metaspace       used 27685K, capacity 28726K, committed 28928K, reserved 1075200K
  class space    used 3819K, capacity 4076K, committed 4096K, reserved 1048576K
Event: 5.047 GC heap after
Heap after GC invocations=7 (full 1):
 PSYoungGen      total 123392K, used 9105K [0x00000000d5580000, 0x00000000dd900000, 0x0000000100000000)
  eden space 114176K, 0% used [0x00000000d5580000,0x00000000d5580000,0x00000000dc500000)
  from space 9216K, 98% used [0x00000000dcf80000,0x00000000dd8644c0,0x00000000dd880000)
  to   space 10240K, 0% used [0x00000000dc500000,0x00000000dc500000,0x00000000dcf00000)
 ParOldGen       total 50688K, used 7678K [0x0000000080000000, 0x0000000083180000, 0x00000000d5580000)
  object space 50688K, 15% used [0x0000000080000000,0x000000008077f988,0x0000000083180000)
 Metaspace       used 27685K, capacity 28726K, committed 28928K, reserved 1075200K
  class space    used 3819K, capacity 4076K, committed 4096K, reserved 1048576K
}
Event: 6.182 GC heap before
{Heap before GC invocations=8 (full 1):
 PSYoungGen      total 123392K, used 104338K [0x00000000d5580000, 0x00000000dd900000, 0x0000000100000000)
  eden space 114176K, 83% used [0x00000000d5580000,0x00000000db2803e8,0x00000000dc500000)
  from space 9216K, 98% used [0x00000000dcf80000,0x00000000dd8644c0,0x00000000dd880000)
  to   space 10240K, 0% used [0x00000000dc500000,0x00000000dc500000,0x00000000dcf00000)
 ParOldGen       total 50688K, used 7678K [0x0000000080000000, 0x0000000083180000, 0x00000000d5580000)
  object space 50688K, 15% used [0x0000000080000000,0x000000008077f988,0x0000000083180000)
 Metaspace       used 33966K, capacity 35390K, committed 35416K, reserved 1079296K
  class space    used 4593K, capacity 4864K, committed 4864K, reserved 1048576K
Event: 6.206 GC heap after
Heap after GC invocations=8 (full 1):
 PSYoungGen      total 124416K, used 10229K [0x00000000d5580000, 0x00000000e2e80000, 0x0000000100000000)
  eden space 114176K, 0% used [0x00000000d5580000,0x00000000d5580000,0x00000000dc500000)
  from space 10240K, 99% used [0x00000000dc500000,0x00000000dcefd688,0x00000000dcf00000)
  to   space 14848K, 0% used [0x00000000e2000000,0x00000000e2000000,0x00000000e2e80000)
 ParOldGen       total 50688K, used 14725K [0x0000000080000000, 0x0000000083180000, 0x00000000d5580000)
  object space 50688K, 29% used [0x0000000080000000,0x0000000080e61600,0x0000000083180000)
 Metaspace       used 33966K, capacity 35390K, committed 35416K, reserved 1079296K
  class space    used 4593K, capacity 4864K, committed 4864K, reserved 1048576K
}
Event: 6.206 GC heap before
{Heap before GC invocations=9 (full 2):
 PSYoungGen      total 124416K, used 10229K [0x00000000d5580000, 0x00000000e2e80000, 0x0000000100000000)
  eden space 114176K, 0% used [0x00000000d5580000,0x00000000d5580000,0x00000000dc500000)
  from space 10240K, 99% used [0x00000000dc500000,0x00000000dcefd688,0x00000000dcf00000)
  to   space 14848K, 0% used [0x00000000e2000000,0x00000000e2000000,0x00000000e2e80000)
 ParOldGen       total 50688K, used 14725K [0x0000000080000000, 0x0000000083180000, 0x00000000d5580000)
  object space 50688K, 29% used [0x0000000080000000,0x0000000080e61600,0x0000000083180000)
 Metaspace       used 33966K, capacity 35390K, committed 35416K, reserved 1079296K
  class space    used 4593K, capacity 4864K, committed 4864K, reserved 1048576K
Event: 6.298 GC heap after
Heap after GC invocations=9 (full 2):
 PSYoungGen      total 124416K, used 0K [0x00000000d5580000, 0x00000000e2e80000, 0x0000000100000000)
  eden space 114176K, 0% used [0x00000000d5580000,0x00000000d5580000,0x00000000dc500000)
  from space 10240K, 0% used [0x00000000dc500000,0x00000000dc500000,0x00000000dcf00000)
  to   space 14848K, 0% used [0x00000000e2000000,0x00000000e2000000,0x00000000e2e80000)
 ParOldGen       total 83968K, used 21614K [0x0000000080000000, 0x0000000085200000, 0x00000000d5580000)
  object space 83968K, 25% used [0x0000000080000000,0x000000008151ba78,0x0000000085200000)
 Metaspace       used 33966K, capacity 35390K, committed 35416K, reserved 1079296K
  class space    used 4593K, capacity 4864K, committed 4864K, reserved 1048576K
}
Event: 7.166 GC heap before
{Heap before GC invocations=10 (full 2):
 PSYoungGen      total 124416K, used 76199K [0x00000000d5580000, 0x00000000e2e80000, 0x0000000100000000)
  eden space 114176K, 66% used [0x00000000d5580000,0x00000000d9fe9e40,0x00000000dc500000)
  from space 10240K, 0% used [0x00000000dc500000,0x00000000dc500000,0x00000000dcf00000)
  to   space 14848K, 0% used [0x00000000e2000000,0x00000000e2000000,0x00000000e2e80000)
 ParOldGen       total 83968K, used 21614K [0x0000000080000000, 0x0000000085200000, 0x00000000d5580000)
  object space 83968K, 25% used [0x0000000080000000,0x000000008151ba78,0x0000000085200000)
 Metaspace       used 36066K, capacity 37550K, committed 37760K, reserved 1087488K
  class space    used 4909K, capacity 5220K, committed 5248K, reserved 1048576K
Event: 7.183 GC heap after
Heap after GC invocations=10 (full 2):
 PSYoungGen      total 191488K, used 7362K [0x00000000d5580000, 0x00000000e2780000, 0x0000000100000000)
  eden space 183808K, 0% used [0x00000000d5580000,0x00000000d5580000,0x00000000e0900000)
  from space 7680K, 95% used [0x00000000e2000000,0x00000000e27309d0,0x00000000e2780000)
  to   space 14336K, 0% used [0x00000000e0b80000,0x00000000e0b80000,0x00000000e1980000)
 ParOldGen       total 83968K, used 21622K [0x0000000080000000, 0x0000000085200000, 0x00000000d5580000)
  object space 83968K, 25% used [0x0000000080000000,0x000000008151da78,0x0000000085200000)
 Metaspace       used 36066K, capacity 37550K, committed 37760K, reserved 1087488K
  class space    used 4909K, capacity 5220K, committed 5248K, reserved 1048576K
}
Event: 7.183 GC heap before
{Heap before GC invocations=11 (full 3):
 PSYoungGen      total 191488K, used 7362K [0x00000000d5580000, 0x00000000e2780000, 0x0000000100000000)
  eden space 183808K, 0% used [0x00000000d5580000,0x00000000d5580000,0x00000000e0900000)
  from space 7680K, 95% used [0x00000000e2000000,0x00000000e27309d0,0x00000000e2780000)
  to   space 14336K, 0% used [0x00000000e0b80000,0x00000000e0b80000,0x00000000e1980000)
 ParOldGen       total 83968K, used 21622K [0x0000000080000000, 0x0000000085200000, 0x00000000d5580000)
  object space 83968K, 25% used [0x0000000080000000,0x000000008151da78,0x0000000085200000)
 Metaspace       used 36066K, capacity 37550K, committed 37760K, reserved 1087488K
  class space    used 4909K, capacity 5220K, committed 5248K, reserved 1048576K
Event: 7.275 GC heap after
Heap after GC invocations=11 (full 3):
 PSYoungGen      total 191488K, used 0K [0x00000000d5580000, 0x00000000e2780000, 0x0000000100000000)
  eden space 183808K, 0% used [0x00000000d5580000,0x00000000d5580000,0x00000000e0900000)
  from space 7680K, 0% used [0x00000000e2000000,0x00000000e2000000,0x00000000e2780000)
  to   space 14336K, 0% used [0x00000000e0b80000,0x00000000e0b80000,0x00000000e1980000)
 ParOldGen       total 83968K, used 24593K [0x0000000080000000, 0x0000000085200000, 0x00000000d5580000)
  object space 83968K, 29% used [0x0000000080000000,0x00000000818046d0,0x0000000085200000)
 Metaspace       used 36066K, capacity 37550K, committed 37760K, reserved 1087488K
  class space    used 4909K, capacity 5220K, committed 5248K, reserved 1048576K
}

Deoptimization events (0 events):
No events

Internal exceptions (10 events):
Event: 8.051 Thread 0x0000000003258800 Exception <a 'java/lang/ClassNotFoundException': org/springframework/beans/factory/InitializingBeanCustomizer> (0x00000000d9c64328) thrown at [C:\re\workspace\8-2-build-windows-amd64-cygwin\jdk8u121\8372\hotspot\src\share\vm\classfile\systemDictionary.cpp
Event: 8.053 Thread 0x0000000003258800 Exception <a 'java/lang/ArrayIndexOutOfBoundsException'> (0x00000000d9c7a790) thrown at [C:\re\workspace\8-2-build-windows-amd64-cygwin\jdk8u121\8372\hotspot\src\share\vm\runtime\sharedRuntime.cpp, line 605]
Event: 8.087 Thread 0x0000000003258800 Exception <a 'java/lang/ArrayIndexOutOfBoundsException'> (0x00000000d9f895d8) thrown at [C:\re\workspace\8-2-build-windows-amd64-cygwin\jdk8u121\8372\hotspot\src\share\vm\runtime\sharedRuntime.cpp, line 605]
Event: 8.093 Thread 0x0000000003258800 Exception <a 'java/lang/ArrayIndexOutOfBoundsException'> (0x00000000da0038c8) thrown at [C:\re\workspace\8-2-build-windows-amd64-cygwin\jdk8u121\8372\hotspot\src\share\vm\runtime\sharedRuntime.cpp, line 605]
Event: 8.113 Thread 0x0000000003258800 Exception <a 'java/lang/ArrayIndexOutOfBoundsException'> (0x00000000da1a1c68) thrown at [C:\re\workspace\8-2-build-windows-amd64-cygwin\jdk8u121\8372\hotspot\src\share\vm\runtime\sharedRuntime.cpp, line 605]
Event: 8.140 Thread 0x0000000003258800 Exception <a 'java/lang/ArrayIndexOutOfBoundsException'> (0x00000000da4194a8) thrown at [C:\re\workspace\8-2-build-windows-amd64-cygwin\jdk8u121\8372\hotspot\src\share\vm\runtime\sharedRuntime.cpp, line 605]
Event: 8.140 Thread 0x0000000003258800 Exception <a 'java/lang/ArrayIndexOutOfBoundsException'> (0x00000000da41b1e0) thrown at [C:\re\workspace\8-2-build-windows-amd64-cygwin\jdk8u121\8372\hotspot\src\share\vm\runtime\sharedRuntime.cpp, line 605]
Event: 8.141 Thread 0x0000000003258800 Exception <a 'java/lang/ArrayIndexOutOfBoundsException'> (0x00000000da426f78) thrown at [C:\re\workspace\8-2-build-windows-amd64-cygwin\jdk8u121\8372\hotspot\src\share\vm\runtime\sharedRuntime.cpp, line 605]
Event: 8.148 Thread 0x0000000003258800 Exception <a 'java/lang/ArrayIndexOutOfBoundsException'> (0x00000000da4e6348) thrown at [C:\re\workspace\8-2-build-windows-amd64-cygwin\jdk8u121\8372\hotspot\src\share\vm\runtime\sharedRuntime.cpp, line 605]
Event: 8.149 Thread 0x0000000003258800 Exception <a 'java/lang/ArrayIndexOutOfBoundsException'> (0x00000000da4f3990) thrown at [C:\re\workspace\8-2-build-windows-amd64-cygwin\jdk8u121\8372\hotspot\src\share\vm\runtime\sharedRuntime.cpp, line 605]

Events (10 events):
Event: 8.180 loading class org/springframework/core/convert/support/StringToNumberConverterFactory$StringToNumber
Event: 8.180 loading class org/springframework/core/convert/support/StringToNumberConverterFactory$StringToNumber done
Event: 8.180 loading class sun/reflect/UnsafeIntegerFieldAccessorImpl
Event: 8.181 loading class sun/reflect/UnsafeIntegerFieldAccessorImpl done
Event: 8.184 loading class com/netflix/appinfo/MyDataCenterInfo
Event: 8.184 loading class com/netflix/appinfo/MyDataCenterInfo done
Event: 8.184 loading class com/netflix/appinfo/DataCenterInfo
Event: 8.184 loading class com/netflix/appinfo/DataCenterInfo done
Event: 8.185 loading class com/netflix/appinfo/DataCenterInfo$Name
Event: 8.185 loading class com/netflix/appinfo/DataCenterInfo$Name done


Dynamic libraries:
0x00007ff73f8e0000 - 0x00007ff73f917000 	C:\Program Files\Java\jre1.8.0_121\bin\javaw.exe
0x00007ffd71040000 - 0x00007ffd71221000 	C:\WINDOWS\SYSTEM32\ntdll.dll
0x00007ffd70990000 - 0x00007ffd70a42000 	C:\WINDOWS\System32\KERNEL32.DLL
0x00007ffd6d7d0000 - 0x00007ffd6da43000 	C:\WINDOWS\System32\KERNELBASE.dll
0x00007ffd70800000 - 0x00007ffd708a1000 	C:\WINDOWS\System32\ADVAPI32.dll
0x00007ffd70f00000 - 0x00007ffd70f9e000 	C:\WINDOWS\System32\msvcrt.dll
0x00007ffd70690000 - 0x00007ffd706eb000 	C:\WINDOWS\System32\sechost.dll
0x00007ffd6fba0000 - 0x00007ffd6fcc4000 	C:\WINDOWS\System32\RPCRT4.dll
0x00007ffd70d70000 - 0x00007ffd70f00000 	C:\WINDOWS\System32\USER32.dll
0x00007ffd6da50000 - 0x00007ffd6da70000 	C:\WINDOWS\System32\win32u.dll
0x00007ffd6e4d0000 - 0x00007ffd6e4f8000 	C:\WINDOWS\System32\GDI32.dll
0x00007ffd6d5b0000 - 0x00007ffd6d742000 	C:\WINDOWS\System32\gdi32full.dll
0x00007ffd6d410000 - 0x00007ffd6d4af000 	C:\WINDOWS\System32\msvcp_win.dll
0x00007ffd6dad0000 - 0x00007ffd6dbca000 	C:\WINDOWS\System32\ucrtbase.dll
0x00007ffd6b590000 - 0x00007ffd6b7f9000 	C:\WINDOWS\WinSxS\amd64_microsoft.windows.common-controls_6595b64144ccf1df_6.0.17134.228_none_fb4599993062b194\COMCTL32.dll
0x00007ffd6ff10000 - 0x00007ffd70233000 	C:\WINDOWS\System32\combase.dll
0x00007ffd6d750000 - 0x00007ffd6d7ca000 	C:\WINDOWS\System32\bcryptPrimitives.dll
0x00007ffd6fe30000 - 0x00007ffd6fe5d000 	C:\WINDOWS\System32\IMM32.DLL
0x00007ffd6d1f0000 - 0x00007ffd6d24d000 	C:\Program Files\Citrix\System32\MfApHook64.dll
0x00007ffd6cad0000 - 0x00007ffd6cafb000 	C:\Program Files\Citrix\ICAService\CtxDodHook64.dll
0x00007ffd6d110000 - 0x00007ffd6d142000 	C:\Program Files\Citrix\ICAService\picaFullScreenHookX64.dll
0x00007ffd6cb00000 - 0x00007ffd6cb4e000 	C:\Program Files\Citrix\ICAService\ShellHook64.dll
0x00007ffd6e760000 - 0x00007ffd6fba0000 	C:\WINDOWS\System32\SHELL32.dll
0x00007ffd6d4b0000 - 0x00007ffd6d4f9000 	C:\WINDOWS\System32\cfgmgr32.dll
0x00007ffd6fe60000 - 0x00007ffd6ff09000 	C:\WINDOWS\System32\shcore.dll
0x00007ffd6ddc0000 - 0x00007ffd6e4cd000 	C:\WINDOWS\System32\windows.storage.dll
0x00007ffd708b0000 - 0x00007ffd70901000 	C:\WINDOWS\System32\shlwapi.dll
0x00007ffd6d3f0000 - 0x00007ffd6d401000 	C:\WINDOWS\System32\kernel.appcore.dll
0x00007ffd6d3c0000 - 0x00007ffd6d3df000 	C:\WINDOWS\System32\profapi.dll
0x00007ffd6d370000 - 0x00007ffd6d3bc000 	C:\WINDOWS\System32\powrprof.dll
0x00007ffd6d3e0000 - 0x00007ffd6d3ea000 	C:\WINDOWS\System32\FLTLIB.DLL
0x00007ffd6c950000 - 0x00007ffd6cacc000 	C:\Program Files\Citrix\ICAService\SCardHook64.dll
0x00007ffd6c650000 - 0x00007ffd6c67a000 	C:\Program Files\Citrix\ICAService\cxinjime64.dll
0x00007ffd6c600000 - 0x00007ffd6c648000 	C:\Program Files\Citrix\ICAService\PicaWtsHook64.dll
0x0000000074d10000 - 0x0000000074de2000 	C:\Program Files\Java\jre1.8.0_121\bin\msvcr100.dll
0x0000000075100000 - 0x000000007599b000 	C:\Program Files\Java\jre1.8.0_121\bin\server\jvm.dll
0x00007ffd6e680000 - 0x00007ffd6e688000 	C:\WINDOWS\System32\PSAPI.DLL
0x00007ffd5e6b0000 - 0x00007ffd5e6d3000 	C:\WINDOWS\SYSTEM32\WINMM.dll
0x00007ffd6d000000 - 0x00007ffd6d00a000 	C:\WINDOWS\SYSTEM32\VERSION.dll
0x00007ffd5e520000 - 0x00007ffd5e54a000 	C:\WINDOWS\SYSTEM32\winmmbase.dll
0x00007ffd5d350000 - 0x00007ffd5d359000 	C:\WINDOWS\SYSTEM32\WSOCK32.dll
0x00007ffd70c00000 - 0x00007ffd70c6c000 	C:\WINDOWS\System32\WS2_32.dll
0x00000000763d0000 - 0x00000000763df000 	C:\Program Files\Java\jre1.8.0_121\bin\verify.dll
0x0000000075df0000 - 0x0000000075e19000 	C:\Program Files\Java\jre1.8.0_121\bin\java.dll
0x0000000075dd0000 - 0x0000000075de6000 	C:\Program Files\Java\jre1.8.0_121\bin\zip.dll
0x0000000075d80000 - 0x0000000075d8d000 	C:\Program Files\Java\jre1.8.0_121\bin\management.dll
0x0000000075db0000 - 0x0000000075dca000 	C:\Program Files\Java\jre1.8.0_121\bin\net.dll
0x00007ffd6c090000 - 0x00007ffd6c0f6000 	C:\WINDOWS\system32\mswsock.dll
0x0000000075d90000 - 0x0000000075da1000 	C:\Program Files\Java\jre1.8.0_121\bin\nio.dll
0x00007ffd63600000 - 0x00007ffd63616000 	C:\WINDOWS\system32\napinsp.dll
0x00007ffd635e0000 - 0x00007ffd635fa000 	C:\WINDOWS\system32\pnrpnsp.dll
0x00007ffd673e0000 - 0x00007ffd673f9000 	C:\WINDOWS\system32\NLAapi.dll
0x00007ffd6be60000 - 0x00007ffd6bf1e000 	C:\WINDOWS\SYSTEM32\DNSAPI.dll
0x00007ffd70fa0000 - 0x00007ffd70fa8000 	C:\WINDOWS\System32\NSI.dll
0x00007ffd6be20000 - 0x00007ffd6be58000 	C:\WINDOWS\SYSTEM32\IPHLPAPI.DLL
0x00007ffd63620000 - 0x00007ffd6362e000 	C:\WINDOWS\System32\winrnr.dll
0x00007ffd65480000 - 0x00007ffd6548a000 	C:\Windows\System32\rasadhlp.dll
0x00007ffd67620000 - 0x00007ffd67692000 	C:\WINDOWS\System32\fwpuclnt.dll
0x00007ffd6cbc0000 - 0x00007ffd6cbe5000 	C:\WINDOWS\SYSTEM32\bcrypt.dll
0x00007ffd6c240000 - 0x00007ffd6c257000 	C:\WINDOWS\SYSTEM32\CRYPTSP.dll
0x00007ffd6bc20000 - 0x00007ffd6bc53000 	C:\WINDOWS\system32\rsaenh.dll
0x00007ffd6d280000 - 0x00007ffd6d2a8000 	C:\WINDOWS\SYSTEM32\USERENV.dll
0x00007ffd6c260000 - 0x00007ffd6c26b000 	C:\WINDOWS\SYSTEM32\CRYPTBASE.dll
0x00007ffd67f80000 - 0x00007ffd67f96000 	C:\WINDOWS\SYSTEM32\dhcpcsvc6.DLL
0x00007ffd67f60000 - 0x00007ffd67f7a000 	C:\WINDOWS\SYSTEM32\dhcpcsvc.DLL

VM Arguments:
jvm_args: -Dcom.sun.management.jmxremote -Dcom.sun.management.jmxremote.port=60687 -Dcom.sun.management.jmxremote.authenticate=false -Dcom.sun.management.jmxremote.ssl=false -Djava.rmi.server.hostname=localhost -Dspring.liveBeansView.mbeanDomain -Dspring.application.admin.enabled=true -Xverify:none -XX:TieredStopAtLevel=1 -Dfile.encoding=UTF-8 
java_command: com.moneymoney.web.WebsiteApplication --spring.output.ansi.enabled=always
java_class_path (initial): C:\messagingservice\MMBankMessagingQueue\website\target\classes;C:\Users\rapola\.m2\repository\org\springframework\boot\spring-boot-starter-web\2.1.2.RELEASE\spring-boot-starter-web-2.1.2.RELEASE.jar;C:\Users\rapola\.m2\repository\org\springframework\boot\spring-boot-starter\2.1.2.RELEASE\spring-boot-starter-2.1.2.RELEASE.jar;C:\Users\rapola\.m2\repository\org\springframework\boot\spring-boot\2.1.2.RELEASE\spring-boot-2.1.2.RELEASE.jar;C:\Users\rapola\.m2\repository\org\springframework\boot\spring-boot-autoconfigure\2.1.2.RELEASE\spring-boot-autoconfigure-2.1.2.RELEASE.jar;C:\Users\rapola\.m2\repository\org\springframework\boot\spring-boot-starter-logging\2.1.2.RELEASE\spring-boot-starter-logging-2.1.2.RELEASE.jar;C:\Users\rapola\.m2\repository\ch\qos\logback\logback-classic\1.2.3\logback-classic-1.2.3.jar;C:\Users\rapola\.m2\repository\ch\qos\logback\logback-core\1.2.3\logback-core-1.2.3.jar;C:\Users\rapola\.m2\repository\org\apache\logging\log4j\log4j-to-slf4j\2.11.1\log4j-to-slf4j-2.11.1.jar;C:\Users\rapola\.m2\repository\org\apache\logging\log4j\log4j-api\2.11.1\log4j-api-2.11.1.jar;C:\Users\rapola\.m2\repository\org\slf4j\jul-to-slf4j\1.7.25\jul-to-slf4j-1.7.25.jar;C:\Users\rapola\.m2\repository\javax\annotation\javax.annotation-api\1.3.2\javax.annotation-api-1.3.2.jar;C:\Users\rapola\.m2\repository\org\yaml\snakeyaml\1.23\snakeyaml-1.23.jar;C:\Users\rapola\.m2\repository\org\springframework\boot\spring-boot-starter-json\2.1.2.RELEASE\spring-boot-starter-json-2.1.2.RELEASE.jar;C:\Users\rapola\.m2\repository\com\fasterxml\jackson\datatype\jackson-datatype-jdk8\2.9.8\jackson-datatype-jdk8-2.9.8.jar;C:\Users\rapola\.m2\repository\com\fasterxml\jackson\datatype\jackson-datatype-jsr310\2.9.8\jackson-datatype-jsr310-2.9.8.jar;C:\Users\rapola\.m2\repository\com\fasterxml\jackson\module\jackson-module-parameter-names\2.9.8\jackson-module-parameter-names-2.9.8.jar;C:\Users\rapola\.m2\repository\org\springframework\boot\spring-boot-starter-to
Launcher Type: SUN_STANDARD

Environment Variables:
PATH=C:/Program Files/Java/jre1.8.0_121/bin/server;C:/Program Files/Java/jre1.8.0_121/bin;C:/Program Files/Java/jre1.8.0_121/lib/amd64;C:\Python34\;C:\Python34\Scripts;C:\oraclexe\app\oracle\product\11.2.0\server\bin;C:\ProgramData\Oracle\Java\javapath;C:\WINDOWS\system32;C:\WINDOWS;C:\WINDOWS\System32\Wbem;C:\WINDOWS\System32\WindowsPowerShell\v1.0\;C:\Program Files\TortoiseSVN\bin;C:\Program Files\nodejs\;C:\Program Files\Git\cmd;C:\Program Files (x86)\Microsoft SQL Server\110\Tools\Binn\ManagementStudio\;C:\Program Files (x86)\Microsoft SQL Server\110\Tools\Binn\;C:\Program Files (x86)\Microsoft SQL Server\110\DTS\Binn\;C:\Program Files\Citrix\System32\;C:\Program Files\Citrix\ICAService\;C:\WINDOWS\System32\OpenSSH\;C:\Users\rapola\AppData\Local\Microsoft\WindowsApps;;C:\Users\rapola\Desktop\spring-tool-suite-3.9.6.RELEASE-e4.9.0-win32-x86_64\sts-bundle\sts-3.9.6.RELEASE;
USERNAME=rapola
OS=Windows_NT
PROCESSOR_IDENTIFIER=Intel64 Family 15 Model 6 Stepping 1, GenuineIntel



---------------  S Y S T E M  ---------------

OS: Windows 10.0 , 64 bit Build 17134 (10.0.17134.1)

CPU:total 4 (2 cores per cpu, 1 threads per core) family 15 model 6 stepping 1, cmov, cx8, fxsr, mmx, sse, sse2, sse3, ssse3, sse4.1, sse4.2, popcnt, avx, avx2, aes, clmul, erms, rtm, 3dnowpref, lzcnt, tsc, bmi1, bmi2, adx

Memory: 4k page, physical 8388056k(652704k free), swap 18697820k(336k free)

vm_info: Java HotSpot(TM) 64-Bit Server VM (25.121-b13) for windows-amd64 JRE (1.8.0_121-b13), built on Dec 12 2016 18:21:36 by "java_re" with MS VC++ 10.0 (VS2010)

time: Wed Jan 30 18:26:12 2019
elapsed time: 8 seconds (0d 0h 0m 8s)

