#
# A fatal error has been detected by the Java Runtime Environment:
#
#  EXCEPTION_STACK_OVERFLOW (0xc00000fd) at pc=0x0000000075313b57, pid=53400, tid=0x000000000000a8a4
#
# JRE version: Java(TM) SE Runtime Environment (8.0_121-b13) (build 1.8.0_121-b13)
# Java VM: Java HotSpot(TM) 64-Bit Server VM (25.121-b13 mixed mode windows-amd64 compressed oops)
# Problematic frame:
# V  [jvm.dll+0x213b57]
#
# Failed to write core dump. Minidumps are not enabled by default on client versions of Windows
#
# If you would like to submit a bug report, please visit:
#   http://bugreport.java.com/bugreport/crash.jsp
#

---------------  T H R E A D  ---------------

Current thread (0x000000001dd94800):  JavaThread "http-nio-8080-exec-3" daemon [_thread_in_vm, id=43172, stack(0x000000001fa20000,0x000000001fb20000)]

siginfo: ExceptionCode=0xc00000fd, ExceptionInformation=0x0000000000000001 0x000000001fb1b220 

Registers:
RAX=0x000000001fb1b220, RBX=0x0000000000000005, RCX=0x0000000000004000, RDX=0x0000000000000006
RSP=0x000000001fb1f220, RBP=0x0000000000000000, RSI=0x000000001fb1f220, RDI=0x0000000000000005
R8 =0x0000000000000006, R9 =0x000000001dc3e970, R10=0x0000000016f8b8e0, R11=0x000000001fa2a148
R12=0x000000001dc3e970, R13=0x000000001dd94800, R14=0x000000001fb1f2e8, R15=0x0000000016f8b8e0
RIP=0x0000000075313b57, EFLAGS=0x0000000000010202

Top of Stack: (sp=0x000000001fb1f220)
0x000000001fb1f220:   0000dd5341d0c3b5 0000000074d64e7e
0x000000001fb1f230:   000000001dd94800 000000001dc3e970
0x000000001fb1f240:   00000000ffffffff 0000000075314a87
0x000000001fb1f250:   000000001fb1f350 0000000016f8b8e0
0x000000001fb1f260:   000000001dd94800 00000000751c0923
0x000000001fb1f270:   000000001fb1f2b0 000000001dd94800
0x000000001fb1f280:   000000001fb1f340 000000001dd94800
0x000000001fb1f290:   0000000016f8b8e0 000000001dd94800
0x000000001fb1f2a0:   0000000002cf2f40 000000001dd94800
0x000000001fb1f2b0:   0000000016f8b8e0 000000001dd94800
0x000000001fb1f2c0:   0000000016f8b8e0 000000001dd94800
0x000000001fb1f2d0:   0000000000000001 0000000016f8b8e0
0x000000001fb1f2e0:   000000001dd94800 000000001dd19ee0
0x000000001fb1f2f0:   000000001dd94800 00000000751c1e0d
0x000000001fb1f300:   000000001fb1f608 00000001000069a0
0x000000001fb1f310:   00000001004dad88 00007ffd71071b7e 

Instructions: (pc=0x0000000075313b57)
0x0000000075313b37:   48 89 6c 24 30 33 ed 66 90 e8 2b 3b 08 00 ff c3
0x0000000075313b47:   48 63 c8 48 8b c6 48 0f af cf 48 ff c7 48 2b c1
0x0000000075313b57:   89 28 48 63 c3 48 3b 05 75 1b 59 00 7e db 48 8b
0x0000000075313b67:   6c 24 30 48 8b 5c 24 38 48 8b 74 24 40 48 83 c4 


Register to memory mapping:

RAX=0x000000001fb1b220 is pointing into the stack for thread: 0x000000001dd94800
RBX=0x0000000000000005 is an unknown value
RCX=0x0000000000004000 is an unknown value
RDX=0x0000000000000006 is an unknown value
RSP=0x000000001fb1f220 is pointing into the stack for thread: 0x000000001dd94800
RBP=0x0000000000000000 is an unknown value
RSI=0x000000001fb1f220 is pointing into the stack for thread: 0x000000001dd94800
RDI=0x0000000000000005 is an unknown value
R8 =0x0000000000000006 is an unknown value
R9 =0x000000001dc3e970 is an unknown value
R10={method} {0x0000000016f8b8e8} 'run' '()V' in 'java/lang/Thread'
R11=0x000000001fa2a148 is pointing into the stack for thread: 0x000000001dd94800
R12=0x000000001dc3e970 is an unknown value
R13=0x000000001dd94800 is a thread
R14=0x000000001fb1f2e8 is pointing into the stack for thread: 0x000000001dd94800
R15={method} {0x0000000016f8b8e8} 'run' '()V' in 'java/lang/Thread'


Stack: [0x000000001fa20000,0x000000001fb20000],  sp=0x000000001fb1f220,  free space=1020k
Native frames: (J=compiled Java code, j=interpreted, Vv=VM code, C=native code)


---------------  P R O C E S S  ---------------

Java Threads: ( => current thread )
  0x000000001dd93800 JavaThread "http-nio-8080-exec-10" daemon [_thread_blocked, id=46284, stack(0x0000000020320000,0x0000000020420000)]
  0x000000001dd9a800 JavaThread "http-nio-8080-exec-9" daemon [_thread_blocked, id=15284, stack(0x0000000020220000,0x0000000020320000)]
  0x000000001dd95000 JavaThread "http-nio-8080-exec-8" daemon [_thread_blocked, id=55556, stack(0x0000000020120000,0x0000000020220000)]
  0x000000001dd99800 JavaThread "http-nio-8080-exec-7" daemon [_thread_blocked, id=19176, stack(0x0000000020020000,0x0000000020120000)]
  0x000000001dd99000 JavaThread "http-nio-8080-exec-6" daemon [_thread_blocked, id=3728, stack(0x000000001ff20000,0x0000000020020000)]
  0x000000001dd91800 JavaThread "http-nio-8080-exec-5" daemon [_thread_blocked, id=30400, stack(0x000000001fe20000,0x000000001ff20000)]
  0x000000001dd98000 JavaThread "http-nio-8080-exec-4" daemon [_thread_blocked, id=17040, stack(0x000000001fc20000,0x000000001fd20000)]
=>0x000000001dd94800 JavaThread "http-nio-8080-exec-3" daemon [_thread_in_vm, id=43172, stack(0x000000001fa20000,0x000000001fb20000)]
  0x000000001dd93000 JavaThread "http-nio-8080-exec-2" daemon [_thread_blocked, id=36904, stack(0x000000001f920000,0x000000001fa20000)]
  0x000000001dd96800 JavaThread "http-nio-8080-exec-1" daemon [_thread_blocked, id=4176, stack(0x000000001f820000,0x000000001f920000)]
  0x000000001dd92000 JavaThread "NioBlockingSelector.BlockPoller-1" daemon [_thread_in_native, id=16868, stack(0x000000001f720000,0x000000001f820000)]
  0x000000001dd97800 JavaThread "DiscoveryClient-InstanceInfoReplicator-0" daemon [_thread_blocked, id=18404, stack(0x000000001f620000,0x000000001f720000)]
  0x000000001bbdf000 JavaThread "DiscoveryClient-1" daemon [_thread_blocked, id=36000, stack(0x000000001f520000,0x000000001f620000)]
  0x000000001bbe1800 JavaThread "DiscoveryClient-0" daemon [_thread_blocked, id=7156, stack(0x000000001f420000,0x000000001f520000)]
  0x000000001bbe0000 JavaThread "AsyncResolver-bootstrap-0" daemon [_thread_blocked, id=29388, stack(0x000000001f020000,0x000000001f120000)]
  0x000000001bbde000 JavaThread "Eureka-JerseyClient-Conn-Cleaner2" daemon [_thread_blocked, id=52828, stack(0x000000001ef20000,0x000000001f020000)]
  0x000000001bbe0800 JavaThread "spring.cloud.inetutils" daemon [_thread_blocked, id=50432, stack(0x000000001ea20000,0x000000001eb20000)]
  0x000000001b684000 JavaThread "container-0" [_thread_blocked, id=35916, stack(0x000000001d550000,0x000000001d650000)]
  0x000000001b683000 JavaThread "Catalina-utility-1" [_thread_blocked, id=2448, stack(0x000000001d450000,0x000000001d550000)]
  0x000000001b3ec800 JavaThread "Keep-Alive-Timer" daemon [_thread_blocked, id=25668, stack(0x000000001c850000,0x000000001c950000)]
  0x0000000019e87800 JavaThread "JMX server connection timeout 18" daemon [_thread_blocked, id=56840, stack(0x000000001ab80000,0x000000001ac80000)]
  0x0000000019e83000 JavaThread "RMI TCP Connection(2)-127.0.0.1" daemon [_thread_blocked, id=53156, stack(0x000000001a980000,0x000000001aa80000)]
  0x0000000019e4a800 JavaThread "RMI Scheduler(0)" daemon [_thread_blocked, id=26492, stack(0x000000001a880000,0x000000001a980000)]
  0x0000000019e62800 JavaThread "RMI TCP Connection(1)-127.0.0.1" daemon [_thread_in_native, id=43672, stack(0x000000001a780000,0x000000001a880000)]
  0x0000000019cf0000 JavaThread "RMI TCP Accept-0" daemon [_thread_in_native, id=36636, stack(0x000000001a240000,0x000000001a340000)]
  0x0000000019cdd800 JavaThread "RMI TCP Accept-60601" daemon [_thread_in_native, id=46924, stack(0x000000001a140000,0x000000001a240000)]
  0x0000000019cd1800 JavaThread "RMI TCP Accept-0" daemon [_thread_in_native, id=16440, stack(0x000000001a040000,0x000000001a140000)]
  0x0000000019270800 JavaThread "Service Thread" daemon [_thread_blocked, id=22424, stack(0x0000000019640000,0x0000000019740000)]
  0x0000000017911000 JavaThread "C1 CompilerThread2" daemon [_thread_blocked, id=54136, stack(0x0000000019140000,0x0000000019240000)]
  0x000000001790d800 JavaThread "C2 CompilerThread1" daemon [_thread_blocked, id=33488, stack(0x0000000019040000,0x0000000019140000)]
  0x0000000017908800 JavaThread "C2 CompilerThread0" daemon [_thread_blocked, id=54584, stack(0x0000000018f40000,0x0000000019040000)]
  0x0000000017907000 JavaThread "Attach Listener" daemon [_thread_blocked, id=43104, stack(0x0000000018e40000,0x0000000018f40000)]
  0x0000000017904000 JavaThread "Signal Dispatcher" daemon [_thread_blocked, id=596, stack(0x0000000018d40000,0x0000000018e40000)]
  0x00000000178ec800 JavaThread "Finalizer" daemon [_thread_blocked, id=32420, stack(0x0000000018b50000,0x0000000018c50000)]
  0x00000000178c9000 JavaThread "Reference Handler" daemon [_thread_blocked, id=12396, stack(0x0000000018a50000,0x0000000018b50000)]
  0x0000000002be8800 JavaThread "main" [_thread_blocked, id=27584, stack(0x0000000002a50000,0x0000000002b50000)]

Other Threads:
  0x00000000178c7000 VMThread [stack: 0x0000000018950000,0x0000000018a50000] [id=25288]
  0x0000000019cf2000 WatcherThread [stack: 0x000000001a340000,0x000000001a440000] [id=1612]

VM state:synchronizing (normal execution)

VM Mutex/Monitor currently owned by a thread:  ([mutex/lock_event])
[0x0000000002be5920] Threads_lock - owner thread: 0x00000000178c7000

Heap:
 PSYoungGen      total 141312K, used 87122K [0x00000000d5580000, 0x00000000de880000, 0x0000000100000000)
  eden space 133120K, 59% used [0x00000000d5580000,0x00000000da298740,0x00000000dd780000)
  from space 8192K, 99% used [0x00000000de080000,0x00000000de87c290,0x00000000de880000)
  to   space 8704K, 0% used [0x00000000dd780000,0x00000000dd780000,0x00000000de000000)
 ParOldGen       total 78848K, used 29527K [0x0000000080000000, 0x0000000084d00000, 0x00000000d5580000)
  object space 78848K, 37% used [0x0000000080000000,0x0000000081cd5d70,0x0000000084d00000)
 Metaspace       used 47278K, capacity 49299K, committed 49608K, reserved 1091584K
  class space    used 6481K, capacity 6888K, committed 6912K, reserved 1048576K

Card table byte_map: [0x00000000120a0000,0x00000000124b0000] byte_map_base: 0x0000000011ca0000

Marking Bits: (ParMarkBitMap*) 0x000000007591b6d0
 Begin Bits: [0x0000000012b60000, 0x0000000014b60000)
 End Bits:   [0x0000000014b60000, 0x0000000016b60000)

Polling page: 0x0000000002b50000

CodeCache: size=245760Kb used=9590Kb max_used=9620Kb free=236169Kb
 bounds [0x0000000002ce0000, 0x0000000003650000, 0x0000000011ce0000]
 total_blobs=5126 nmethods=4613 adapters=426
 compilation: enabled

Compilation events (10 events):
Event: 10.268 Thread 0x0000000017911000 4641       1       org.springframework.boot.autoconfigure.condition.ConditionEvaluationReport$$Lambda$200/1916700921::accept (16 bytes)
Event: 10.269 Thread 0x0000000017911000 nmethod 4641 0x0000000002e5f790 code [0x0000000002e5f900, 0x0000000002e5faf8]
Event: 10.269 Thread 0x0000000017911000 4642       1       org.springframework.boot.autoconfigure.condition.ConditionEvaluationReport::lambda$getConditionAndOutcomesBySource$0 (13 bytes)
Event: 10.269 Thread 0x0000000017911000 nmethod 4642 0x0000000002df6ad0 code [0x0000000002df6c40, 0x0000000002df6db8]
Event: 10.274 Thread 0x0000000017911000 4643       1       com.fasterxml.jackson.databind.introspect.BasicBeanDescription::getClassInfo (5 bytes)
Event: 10.274 Thread 0x0000000017911000 nmethod 4643 0x0000000002fba110 code [0x0000000002fba260, 0x0000000002fba370]
Event: 10.285 Thread 0x0000000017911000 4645       1       com.fasterxml.jackson.databind.type.TypeFactory::_fromClass (310 bytes)
Event: 10.286 Thread 0x0000000017911000 nmethod 4645 0x0000000002e1db50 code [0x0000000002e1de20, 0x0000000002e1ea68]
Event: 10.287 Thread 0x0000000017911000 4646       1       com.fasterxml.jackson.databind.type.TypeFactory::_findWellKnownSimple (64 bytes)
Event: 10.287 Thread 0x0000000017911000 nmethod 4646 0x0000000002f1fb90 code [0x0000000002f1fd00, 0x0000000002f1ff28]

GC Heap History (10 events):
Event: 5.351 GC heap before
{Heap before GC invocations=8 (full 1):
 PSYoungGen      total 141312K, used 133120K [0x00000000d5580000, 0x00000000de880000, 0x0000000100000000)
  eden space 133120K, 100% used [0x00000000d5580000,0x00000000dd780000,0x00000000dd780000)
  from space 8192K, 0% used [0x00000000de080000,0x00000000de080000,0x00000000de880000)
  to   space 8704K, 0% used [0x00000000dd780000,0x00000000dd780000,0x00000000de000000)
 ParOldGen       total 46080K, used 5729K [0x0000000080000000, 0x0000000082d00000, 0x00000000d5580000)
  object space 46080K, 12% used [0x0000000080000000,0x00000000805985e8,0x0000000082d00000)
 Metaspace       used 27939K, capacity 29017K, committed 29256K, reserved 1075200K
  class space    used 3849K, capacity 4110K, committed 4224K, reserved 1048576K
Event: 5.375 GC heap after
Heap after GC invocations=8 (full 1):
 PSYoungGen      total 141824K, used 8688K [0x00000000d5580000, 0x00000000de880000, 0x0000000100000000)
  eden space 133120K, 0% used [0x00000000d5580000,0x00000000d5580000,0x00000000dd780000)
  from space 8704K, 99% used [0x00000000dd780000,0x00000000ddffc348,0x00000000de000000)
  to   space 8192K, 0% used [0x00000000de080000,0x00000000de080000,0x00000000de880000)
 ParOldGen       total 46080K, used 9591K [0x0000000080000000, 0x0000000082d00000, 0x00000000d5580000)
  object space 46080K, 20% used [0x0000000080000000,0x000000008095df60,0x0000000082d00000)
 Metaspace       used 27939K, capacity 29017K, committed 29256K, reserved 1075200K
  class space    used 3849K, capacity 4110K, committed 4224K, reserved 1048576K
}
Event: 7.104 GC heap before
{Heap before GC invocations=9 (full 1):
 PSYoungGen      total 141824K, used 141808K [0x00000000d5580000, 0x00000000de880000, 0x0000000100000000)
  eden space 133120K, 100% used [0x00000000d5580000,0x00000000dd780000,0x00000000dd780000)
  from space 8704K, 99% used [0x00000000dd780000,0x00000000ddffc348,0x00000000de000000)
  to   space 8192K, 0% used [0x00000000de080000,0x00000000de080000,0x00000000de880000)
 ParOldGen       total 46080K, used 9591K [0x0000000080000000, 0x0000000082d00000, 0x00000000d5580000)
  object space 46080K, 20% used [0x0000000080000000,0x000000008095df60,0x0000000082d00000)
 Metaspace       used 34864K, capacity 36285K, committed 36552K, reserved 1081344K
  class space    used 4735K, capacity 5018K, committed 5120K, reserved 1048576K
Event: 7.135 GC heap after
Heap after GC invocations=9 (full 1):
 PSYoungGen      total 141312K, used 8189K [0x00000000d5580000, 0x00000000de880000, 0x0000000100000000)
  eden space 133120K, 0% used [0x00000000d5580000,0x00000000d5580000,0x00000000dd780000)
  from space 8192K, 99% used [0x00000000de080000,0x00000000de87f638,0x00000000de880000)
  to   space 8704K, 0% used [0x00000000dd780000,0x00000000dd780000,0x00000000de000000)
 ParOldGen       total 46080K, used 23371K [0x0000000080000000, 0x0000000082d00000, 0x00000000d5580000)
  object space 46080K, 50% used [0x0000000080000000,0x00000000816d2d98,0x0000000082d00000)
 Metaspace       used 34864K, capacity 36285K, committed 36552K, reserved 1081344K
  class space    used 4735K, capacity 5018K, committed 5120K, reserved 1048576K
}
Event: 7.229 GC heap before
{Heap before GC invocations=10 (full 1):
 PSYoungGen      total 141312K, used 21823K [0x00000000d5580000, 0x00000000de880000, 0x0000000100000000)
  eden space 133120K, 10% used [0x00000000d5580000,0x00000000d62d05e0,0x00000000dd780000)
  from space 8192K, 99% used [0x00000000de080000,0x00000000de87f638,0x00000000de880000)
  to   space 8704K, 0% used [0x00000000dd780000,0x00000000dd780000,0x00000000de000000)
 ParOldGen       total 46080K, used 23371K [0x0000000080000000, 0x0000000082d00000, 0x00000000d5580000)
  object space 46080K, 50% used [0x0000000080000000,0x00000000816d2d98,0x0000000082d00000)
 Metaspace       used 35013K, capacity 36457K, committed 36552K, reserved 1081344K
  class space    used 4754K, capacity 5052K, committed 5120K, reserved 1048576K
Event: 7.243 GC heap after
Heap after GC invocations=10 (full 1):
 PSYoungGen      total 141824K, used 8641K [0x00000000d5580000, 0x00000000de880000, 0x0000000100000000)
  eden space 133120K, 0% used [0x00000000d5580000,0x00000000d5580000,0x00000000dd780000)
  from space 8704K, 99% used [0x00000000dd780000,0x00000000ddff0658,0x00000000de000000)
  to   space 8192K, 0% used [0x00000000de080000,0x00000000de080000,0x00000000de880000)
 ParOldGen       total 46080K, used 23379K [0x0000000080000000, 0x0000000082d00000, 0x00000000d5580000)
  object space 46080K, 50% used [0x0000000080000000,0x00000000816d4d98,0x0000000082d00000)
 Metaspace       used 35013K, capacity 36457K, committed 36552K, reserved 1081344K
  class space    used 4754K, capacity 5052K, committed 5120K, reserved 1048576K
}
Event: 7.243 GC heap before
{Heap before GC invocations=11 (full 2):
 PSYoungGen      total 141824K, used 8641K [0x00000000d5580000, 0x00000000de880000, 0x0000000100000000)
  eden space 133120K, 0% used [0x00000000d5580000,0x00000000d5580000,0x00000000dd780000)
  from space 8704K, 99% used [0x00000000dd780000,0x00000000ddff0658,0x00000000de000000)
  to   space 8192K, 0% used [0x00000000de080000,0x00000000de080000,0x00000000de880000)
 ParOldGen       total 46080K, used 23379K [0x0000000080000000, 0x0000000082d00000, 0x00000000d5580000)
  object space 46080K, 50% used [0x0000000080000000,0x00000000816d4d98,0x0000000082d00000)
 Metaspace       used 35013K, capacity 36457K, committed 36552K, reserved 1081344K
  class space    used 4754K, capacity 5052K, committed 5120K, reserved 1048576K
Event: 7.346 GC heap after
Heap after GC invocations=11 (full 2):
 PSYoungGen      total 141824K, used 0K [0x00000000d5580000, 0x00000000de880000, 0x0000000100000000)
  eden space 133120K, 0% used [0x00000000d5580000,0x00000000d5580000,0x00000000dd780000)
  from space 8704K, 0% used [0x00000000dd780000,0x00000000dd780000,0x00000000de000000)
  to   space 8192K, 0% used [0x00000000de080000,0x00000000de080000,0x00000000de880000)
 ParOldGen       total 78848K, used 27019K [0x0000000080000000, 0x0000000084d00000, 0x00000000d5580000)
  object space 78848K, 34% used [0x0000000080000000,0x0000000081a62f98,0x0000000084d00000)
 Metaspace       used 35013K, capacity 36457K, committed 36552K, reserved 1081344K
  class space    used 4754K, capacity 5052K, committed 5120K, reserved 1048576K
}
Event: 9.109 GC heap before
{Heap before GC invocations=12 (full 2):
 PSYoungGen      total 141824K, used 133120K [0x00000000d5580000, 0x00000000de880000, 0x0000000100000000)
  eden space 133120K, 100% used [0x00000000d5580000,0x00000000dd780000,0x00000000dd780000)
  from space 8704K, 0% used [0x00000000dd780000,0x00000000dd780000,0x00000000de000000)
  to   space 8192K, 0% used [0x00000000de080000,0x00000000de080000,0x00000000de880000)
 ParOldGen       total 78848K, used 27019K [0x0000000080000000, 0x0000000084d00000, 0x00000000d5580000)
  object space 78848K, 34% used [0x0000000080000000,0x0000000081a62f98,0x0000000084d00000)
 Metaspace       used 40974K, capacity 42891K, committed 43080K, reserved 1087488K
  class space    used 5591K, capacity 5950K, committed 6016K, reserved 1048576K
Event: 9.124 GC heap after
Heap after GC invocations=12 (full 2):
 PSYoungGen      total 141312K, used 8176K [0x00000000d5580000, 0x00000000de880000, 0x0000000100000000)
  eden space 133120K, 0% used [0x00000000d5580000,0x00000000d5580000,0x00000000dd780000)
  from space 8192K, 99% used [0x00000000de080000,0x00000000de87c290,0x00000000de880000)
  to   space 8704K, 0% used [0x00000000dd780000,0x00000000dd780000,0x00000000de000000)
 ParOldGen       total 78848K, used 29527K [0x0000000080000000, 0x0000000084d00000, 0x00000000d5580000)
  object space 78848K, 37% used [0x0000000080000000,0x0000000081cd5d70,0x0000000084d00000)
 Metaspace       used 40974K, capacity 42891K, committed 43080K, reserved 1087488K
  class space    used 5591K, capacity 5950K, committed 6016K, reserved 1048576K
}

Deoptimization events (0 events):
No events

Internal exceptions (10 events):
Event: 9.886 Thread 0x0000000002be8800 Exception <a 'java/lang/ArrayIndexOutOfBoundsException'> (0x00000000d89e87d0) thrown at [C:\re\workspace\8-2-build-windows-amd64-cygwin\jdk8u121\8372\hotspot\src\share\vm\runtime\sharedRuntime.cpp, line 605]
Event: 9.886 Thread 0x0000000002be8800 Exception <a 'java/lang/ArrayIndexOutOfBoundsException'> (0x00000000d89ea138) thrown at [C:\re\workspace\8-2-build-windows-amd64-cygwin\jdk8u121\8372\hotspot\src\share\vm\runtime\sharedRuntime.cpp, line 605]
Event: 10.195 Thread 0x0000000002be8800 Exception <a 'java/lang/ArrayIndexOutOfBoundsException'> (0x00000000d997e400) thrown at [C:\re\workspace\8-2-build-windows-amd64-cygwin\jdk8u121\8372\hotspot\src\share\vm\runtime\sharedRuntime.cpp, line 605]
Event: 10.246 Thread 0x0000000002be8800 Exception <a 'java/lang/ArrayIndexOutOfBoundsException'> (0x00000000d9cd3920) thrown at [C:\re\workspace\8-2-build-windows-amd64-cygwin\jdk8u121\8372\hotspot\src\share\vm\runtime\sharedRuntime.cpp, line 605]
Event: 10.252 Thread 0x0000000002be8800 Exception <a 'java/lang/ArrayIndexOutOfBoundsException'> (0x00000000d9d043c8) thrown at [C:\re\workspace\8-2-build-windows-amd64-cygwin\jdk8u121\8372\hotspot\src\share\vm\runtime\sharedRuntime.cpp, line 605]
Event: 10.253 Thread 0x0000000002be8800 Exception <a 'java/lang/ArrayIndexOutOfBoundsException'> (0x00000000d9d05d48) thrown at [C:\re\workspace\8-2-build-windows-amd64-cygwin\jdk8u121\8372\hotspot\src\share\vm\runtime\sharedRuntime.cpp, line 605]
Event: 10.258 Thread 0x0000000002be8800 Exception <a 'java/lang/ArrayIndexOutOfBoundsException'> (0x00000000d9d1c378) thrown at [C:\re\workspace\8-2-build-windows-amd64-cygwin\jdk8u121\8372\hotspot\src\share\vm\runtime\sharedRuntime.cpp, line 605]
Event: 10.264 Thread 0x000000001dd97800 Exception <a 'java/net/SocketTimeoutException': Read timed out> (0x00000000d9f68300) thrown at [C:\re\workspace\8-2-build-windows-amd64-cygwin\jdk8u121\8372\hotspot\src\share\vm\prims\jni.cpp, line 735]
Event: 10.291 Thread 0x000000001dd97800 Exception <a 'java/lang/ArrayIndexOutOfBoundsException'> (0x00000000da1584b0) thrown at [C:\re\workspace\8-2-build-windows-amd64-cygwin\jdk8u121\8372\hotspot\src\share\vm\runtime\sharedRuntime.cpp, line 605]
Event: 10.291 Thread 0x000000001dd97800 Exception <a 'java/lang/ArrayIndexOutOfBoundsException'> (0x00000000da15a1f8) thrown at [C:\re\workspace\8-2-build-windows-amd64-cygwin\jdk8u121\8372\hotspot\src\share\vm\runtime\sharedRuntime.cpp, line 605]

Events (10 events):
Event: 10.295 loading class com/fasterxml/jackson/databind/ser/std/StdKeySerializers$StringKeySerializer done
Event: 10.296 Thread 0x000000001dd9a800 Thread added: 0x000000001dd9a800
Event: 10.296 Thread 0x000000001dd93800 Thread added: 0x000000001dd93800
Event: 10.296 loading class com/fasterxml/jackson/databind/ser/std/StdKeySerializers$Dynamic
Event: 10.296 loading class com/fasterxml/jackson/databind/ser/std/StdKeySerializers$Dynamic done
Event: 10.297 loading class com/fasterxml/jackson/databind/ser/impl/PropertySerializerMap$SerializerAndMapResult
Event: 10.297 loading class com/fasterxml/jackson/databind/ser/impl/PropertySerializerMap$SerializerAndMapResult done
Event: 10.297 loading class com/fasterxml/jackson/databind/ser/impl/PropertySerializerMap$Single
Event: 10.297 loading class com/fasterxml/jackson/databind/ser/impl/PropertySerializerMap$Single done
Event: 10.298 Executing VM operation: RevokeBias


Dynamic libraries:
0x00007ff73f8e0000 - 0x00007ff73f917000 	C:\Program Files\Java\jre1.8.0_121\bin\javaw.exe
0x00007ffd71040000 - 0x00007ffd71221000 	C:\WINDOWS\SYSTEM32\ntdll.dll
0x00007ffd70990000 - 0x00007ffd70a42000 	C:\WINDOWS\System32\KERNEL32.DLL
0x00007ffd6d7d0000 - 0x00007ffd6da43000 	C:\WINDOWS\System32\KERNELBASE.dll
0x00007ffd70800000 - 0x00007ffd708a1000 	C:\WINDOWS\System32\ADVAPI32.dll
0x00007ffd70f00000 - 0x00007ffd70f9e000 	C:\WINDOWS\System32\msvcrt.dll
0x00007ffd70690000 - 0x00007ffd706eb000 	C:\WINDOWS\System32\sechost.dll
0x00007ffd6fba0000 - 0x00007ffd6fcc4000 	C:\WINDOWS\System32\RPCRT4.dll
0x00007ffd70d70000 - 0x00007ffd70f00000 	C:\WINDOWS\System32\USER32.dll
0x00007ffd6da50000 - 0x00007ffd6da70000 	C:\WINDOWS\System32\win32u.dll
0x00007ffd6e4d0000 - 0x00007ffd6e4f8000 	C:\WINDOWS\System32\GDI32.dll
0x00007ffd6d5b0000 - 0x00007ffd6d742000 	C:\WINDOWS\System32\gdi32full.dll
0x00007ffd6d410000 - 0x00007ffd6d4af000 	C:\WINDOWS\System32\msvcp_win.dll
0x00007ffd6dad0000 - 0x00007ffd6dbca000 	C:\WINDOWS\System32\ucrtbase.dll
0x00007ffd6b590000 - 0x00007ffd6b7f9000 	C:\WINDOWS\WinSxS\amd64_microsoft.windows.common-controls_6595b64144ccf1df_6.0.17134.228_none_fb4599993062b194\COMCTL32.dll
0x00007ffd6ff10000 - 0x00007ffd70233000 	C:\WINDOWS\System32\combase.dll
0x00007ffd6d750000 - 0x00007ffd6d7ca000 	C:\WINDOWS\System32\bcryptPrimitives.dll
0x00007ffd6fe30000 - 0x00007ffd6fe5d000 	C:\WINDOWS\System32\IMM32.DLL
0x00007ffd6d1f0000 - 0x00007ffd6d24d000 	C:\Program Files\Citrix\System32\MfApHook64.dll
0x00007ffd6cad0000 - 0x00007ffd6cafb000 	C:\Program Files\Citrix\ICAService\CtxDodHook64.dll
0x00007ffd6d110000 - 0x00007ffd6d142000 	C:\Program Files\Citrix\ICAService\picaFullScreenHookX64.dll
0x00007ffd6cb00000 - 0x00007ffd6cb4e000 	C:\Program Files\Citrix\ICAService\ShellHook64.dll
0x00007ffd6e760000 - 0x00007ffd6fba0000 	C:\WINDOWS\System32\SHELL32.dll
0x00007ffd6d4b0000 - 0x00007ffd6d4f9000 	C:\WINDOWS\System32\cfgmgr32.dll
0x00007ffd6fe60000 - 0x00007ffd6ff09000 	C:\WINDOWS\System32\shcore.dll
0x00007ffd6ddc0000 - 0x00007ffd6e4cd000 	C:\WINDOWS\System32\windows.storage.dll
0x00007ffd708b0000 - 0x00007ffd70901000 	C:\WINDOWS\System32\shlwapi.dll
0x00007ffd6d3f0000 - 0x00007ffd6d401000 	C:\WINDOWS\System32\kernel.appcore.dll
0x00007ffd6d3c0000 - 0x00007ffd6d3df000 	C:\WINDOWS\System32\profapi.dll
0x00007ffd6d370000 - 0x00007ffd6d3bc000 	C:\WINDOWS\System32\powrprof.dll
0x00007ffd6d3e0000 - 0x00007ffd6d3ea000 	C:\WINDOWS\System32\FLTLIB.DLL
0x00007ffd6c950000 - 0x00007ffd6cacc000 	C:\Program Files\Citrix\ICAService\SCardHook64.dll
0x00007ffd6c650000 - 0x00007ffd6c67a000 	C:\Program Files\Citrix\ICAService\cxinjime64.dll
0x00007ffd6c600000 - 0x00007ffd6c648000 	C:\Program Files\Citrix\ICAService\PicaWtsHook64.dll
0x0000000074d10000 - 0x0000000074de2000 	C:\Program Files\Java\jre1.8.0_121\bin\msvcr100.dll
0x0000000075100000 - 0x000000007599b000 	C:\Program Files\Java\jre1.8.0_121\bin\server\jvm.dll
0x00007ffd6e680000 - 0x00007ffd6e688000 	C:\WINDOWS\System32\PSAPI.DLL
0x00007ffd5d350000 - 0x00007ffd5d359000 	C:\WINDOWS\SYSTEM32\WSOCK32.dll
0x00007ffd70c00000 - 0x00007ffd70c6c000 	C:\WINDOWS\System32\WS2_32.dll
0x00007ffd5e6b0000 - 0x00007ffd5e6d3000 	C:\WINDOWS\SYSTEM32\WINMM.dll
0x00007ffd6d000000 - 0x00007ffd6d00a000 	C:\WINDOWS\SYSTEM32\VERSION.dll
0x00007ffd5e520000 - 0x00007ffd5e54a000 	C:\WINDOWS\SYSTEM32\WINMMBASE.dll
0x00000000763d0000 - 0x00000000763df000 	C:\Program Files\Java\jre1.8.0_121\bin\verify.dll
0x0000000075df0000 - 0x0000000075e19000 	C:\Program Files\Java\jre1.8.0_121\bin\java.dll
0x0000000075dd0000 - 0x0000000075de6000 	C:\Program Files\Java\jre1.8.0_121\bin\zip.dll
0x0000000075d80000 - 0x0000000075d8d000 	C:\Program Files\Java\jre1.8.0_121\bin\management.dll
0x0000000075db0000 - 0x0000000075dca000 	C:\Program Files\Java\jre1.8.0_121\bin\net.dll
0x00007ffd6c090000 - 0x00007ffd6c0f6000 	C:\WINDOWS\system32\mswsock.dll
0x0000000075d90000 - 0x0000000075da1000 	C:\Program Files\Java\jre1.8.0_121\bin\nio.dll
0x00007ffd63600000 - 0x00007ffd63616000 	C:\WINDOWS\system32\napinsp.dll
0x00007ffd635e0000 - 0x00007ffd635fa000 	C:\WINDOWS\system32\pnrpnsp.dll
0x00007ffd673e0000 - 0x00007ffd673f9000 	C:\WINDOWS\system32\NLAapi.dll
0x00007ffd6be60000 - 0x00007ffd6bf1e000 	C:\WINDOWS\SYSTEM32\DNSAPI.dll
0x00007ffd70fa0000 - 0x00007ffd70fa8000 	C:\WINDOWS\System32\NSI.dll
0x00007ffd6be20000 - 0x00007ffd6be58000 	C:\WINDOWS\SYSTEM32\IPHLPAPI.DLL
0x00007ffd63620000 - 0x00007ffd6362e000 	C:\WINDOWS\System32\winrnr.dll
0x00007ffd65480000 - 0x00007ffd6548a000 	C:\Windows\System32\rasadhlp.dll
0x00007ffd67620000 - 0x00007ffd67692000 	C:\WINDOWS\System32\fwpuclnt.dll
0x00007ffd6cbc0000 - 0x00007ffd6cbe5000 	C:\WINDOWS\SYSTEM32\bcrypt.dll
0x00007ffd6c240000 - 0x00007ffd6c257000 	C:\WINDOWS\SYSTEM32\CRYPTSP.dll
0x00007ffd6bc20000 - 0x00007ffd6bc53000 	C:\WINDOWS\system32\rsaenh.dll
0x00007ffd6d280000 - 0x00007ffd6d2a8000 	C:\WINDOWS\SYSTEM32\USERENV.dll
0x00007ffd6c260000 - 0x00007ffd6c26b000 	C:\WINDOWS\SYSTEM32\CRYPTBASE.dll
0x00007ffd67f80000 - 0x00007ffd67f96000 	C:\WINDOWS\SYSTEM32\dhcpcsvc6.DLL
0x00007ffd67f60000 - 0x00007ffd67f7a000 	C:\WINDOWS\SYSTEM32\dhcpcsvc.DLL
0x0000000075c70000 - 0x0000000075c94000 	C:\Program Files\Java\jre1.8.0_121\bin\sunec.dll
0x00007ffd5e710000 - 0x00007ffd5e8d9000 	C:\WINDOWS\SYSTEM32\dbghelp.dll

VM Arguments:
jvm_args: -Dcom.sun.management.jmxremote -Dcom.sun.management.jmxremote.port=60601 -Dcom.sun.management.jmxremote.authenticate=false -Dcom.sun.management.jmxremote.ssl=false -Djava.rmi.server.hostname=localhost -Dspring.liveBeansView.mbeanDomain -Dspring.application.admin.enabled=true -Xverify:none -XX:TieredStopAtLevel=1 -Dfile.encoding=UTF-8 
java_command: com.moneymoney.web.WebsiteApplication --spring.output.ansi.enabled=always
java_class_path (initial): C:\messagingservice\MMBankMessagingQueue\website\target\classes;C:\Users\rapola\.m2\repository\org\springframework\boot\spring-boot-starter-web\2.1.2.RELEASE\spring-boot-starter-web-2.1.2.RELEASE.jar;C:\Users\rapola\.m2\repository\org\springframework\boot\spring-boot-starter\2.1.2.RELEASE\spring-boot-starter-2.1.2.RELEASE.jar;C:\Users\rapola\.m2\repository\org\springframework\boot\spring-boot\2.1.2.RELEASE\spring-boot-2.1.2.RELEASE.jar;C:\Users\rapola\.m2\repository\org\springframework\boot\spring-boot-autoconfigure\2.1.2.RELEASE\spring-boot-autoconfigure-2.1.2.RELEASE.jar;C:\Users\rapola\.m2\repository\org\springframework\boot\spring-boot-starter-logging\2.1.2.RELEASE\spring-boot-starter-logging-2.1.2.RELEASE.jar;C:\Users\rapola\.m2\repository\ch\qos\logback\logback-classic\1.2.3\logback-classic-1.2.3.jar;C:\Users\rapola\.m2\repository\ch\qos\logback\logback-core\1.2.3\logback-core-1.2.3.jar;C:\Users\rapola\.m2\repository\org\apache\logging\log4j\log4j-to-slf4j\2.11.1\log4j-to-slf4j-2.11.1.jar;C:\Users\rapola\.m2\repository\org\apache\logging\log4j\log4j-api\2.11.1\log4j-api-2.11.1.jar;C:\Users\rapola\.m2\repository\org\slf4j\jul-to-slf4j\1.7.25\jul-to-slf4j-1.7.25.jar;C:\Users\rapola\.m2\repository\javax\annotation\javax.annotation-api\1.3.2\javax.annotation-api-1.3.2.jar;C:\Users\rapola\.m2\repository\org\yaml\snakeyaml\1.23\snakeyaml-1.23.jar;C:\Users\rapola\.m2\repository\org\springframework\boot\spring-boot-starter-json\2.1.2.RELEASE\spring-boot-starter-json-2.1.2.RELEASE.jar;C:\Users\rapola\.m2\repository\com\fasterxml\jackson\datatype\jackson-datatype-jdk8\2.9.8\jackson-datatype-jdk8-2.9.8.jar;C:\Users\rapola\.m2\repository\com\fasterxml\jackson\datatype\jackson-datatype-jsr310\2.9.8\jackson-datatype-jsr310-2.9.8.jar;C:\Users\rapola\.m2\repository\com\fasterxml\jackson\module\jackson-module-parameter-names\2.9.8\jackson-module-parameter-names-2.9.8.jar;C:\Users\rapola\.m2\repository\org\springframework\boot\spring-boot-starter-to
Launcher Type: SUN_STANDARD

Environment Variables:
PATH=C:/Program Files/Java/jre1.8.0_121/bin/server;C:/Program Files/Java/jre1.8.0_121/bin;C:/Program Files/Java/jre1.8.0_121/lib/amd64;C:\Python34\;C:\Python34\Scripts;C:\oraclexe\app\oracle\product\11.2.0\server\bin;C:\ProgramData\Oracle\Java\javapath;C:\WINDOWS\system32;C:\WINDOWS;C:\WINDOWS\System32\Wbem;C:\WINDOWS\System32\WindowsPowerShell\v1.0\;C:\Program Files\TortoiseSVN\bin;C:\Program Files\nodejs\;C:\Program Files\Git\cmd;C:\Program Files (x86)\Microsoft SQL Server\110\Tools\Binn\ManagementStudio\;C:\Program Files (x86)\Microsoft SQL Server\110\Tools\Binn\;C:\Program Files (x86)\Microsoft SQL Server\110\DTS\Binn\;C:\Program Files\Citrix\System32\;C:\Program Files\Citrix\ICAService\;C:\WINDOWS\System32\OpenSSH\;C:\Users\rapola\AppData\Local\Microsoft\WindowsApps;;C:\Users\rapola\Desktop\spring-tool-suite-3.9.6.RELEASE-e4.9.0-win32-x86_64\sts-bundle\sts-3.9.6.RELEASE;
USERNAME=rapola
OS=Windows_NT
PROCESSOR_IDENTIFIER=Intel64 Family 15 Model 6 Stepping 1, GenuineIntel



---------------  S Y S T E M  ---------------

OS: Windows 10.0 , 64 bit Build 17134 (10.0.17134.1)

CPU:total 4 (2 cores per cpu, 1 threads per core) family 15 model 6 stepping 1, cmov, cx8, fxsr, mmx, sse, sse2, sse3, ssse3, sse4.1, sse4.2, popcnt, avx, avx2, aes, clmul, erms, rtm, 3dnowpref, lzcnt, tsc, bmi1, bmi2, adx

Memory: 4k page, physical 8388056k(508468k free), swap 18697820k(1100k free)

vm_info: Java HotSpot(TM) 64-Bit Server VM (25.121-b13) for windows-amd64 JRE (1.8.0_121-b13), built on Dec 12 2016 18:21:36 by "java_re" with MS VC++ 10.0 (VS2010)

time: Wed Jan 30 18:23:22 2019
elapsed time: 10 seconds (0d 0h 0m 10s)

